<?xml version="1.0" encoding="UTF-8"?>
<!-- Generated by org.testng.reporters.JUnitReportReporter -->
<testsuite hostname="LAPTOP-3CF81NRV" failures="0" tests="3" name="com.crm.qa.testcases.NewContactsPageTest" time="16.558" errors="0" timestamp="2021-06-26T19:36:04 IST" skipped="0">
  <testcase classname="com.crm.qa.testcases.NewContactsPageTest" name="validateCreateNewContact" time="5.170"/>
  <system-out/>
  <testcase classname="com.crm.qa.testcases.NewContactsPageTest" name="validateCreateNewContact" time="5.665"/>
  <system-out/>
  <testcase classname="com.crm.qa.testcases.NewContactsPageTest" name="validateCreateNewContact" time="5.723"/>
  <system-out/>
</testsuite> <!-- com.crm.qa.testcases.NewContactsPageTest -->
