<?xml version="1.0" encoding="UTF-8"?>
<!-- Generated by org.testng.reporters.JUnitReportReporter -->
<testsuite hostname="LAPTOP-3CF81NRV" failures="0" tests="3" name="com.crm.qa.testcases.HomePageTest" time="2.155" errors="0" timestamp="2021-06-26T15:51:23 IST" skipped="0">
  <testcase classname="com.crm.qa.testcases.HomePageTest" name="HomePageTitleTest" time="0.022"/>
  <system-out/>
  <testcase classname="com.crm.qa.testcases.HomePageTest" name="verifyUserNameTest" time="0.183"/>
  <system-out/>
  <testcase classname="com.crm.qa.testcases.HomePageTest" name="verifyContactsLinkTest" time="1.950"/>
  <system-out/>
</testsuite> <!-- com.crm.qa.testcases.HomePageTest -->
