<?xml version="1.0" encoding="UTF-8"?>
<!-- Generated by org.testng.reporters.JUnitReportReporter -->
<testsuite hostname="LAPTOP-3CF81NRV" failures="0" tests="3" name="com.crm.qa.testcases.NewContactsPageTest" time="11.738" errors="0" timestamp="2021-07-01T17:52:35 IST" skipped="0">
  <testcase classname="com.crm.qa.testcases.NewContactsPageTest" name="validateCreateNewContact" time="4.119"/>
  <system-out/>
  <testcase classname="com.crm.qa.testcases.NewContactsPageTest" name="validateCreateNewContact" time="3.812"/>
  <system-out/>
  <testcase classname="com.crm.qa.testcases.NewContactsPageTest" name="validateCreateNewContact" time="3.807"/>
  <system-out/>
</testsuite> <!-- com.crm.qa.testcases.NewContactsPageTest -->
