<?xml version="1.0" encoding="UTF-8"?>
<!-- Generated by org.testng.reporters.JUnitReportReporter -->
<testsuite hostname="LAPTOP-3CF81NRV" failures="0" tests="3" name="com.crm.qa.testcases.HomePageTest" time="2.146" errors="0" timestamp="2021-06-29T17:03:34 IST" skipped="1">
  <testcase classname="com.crm.qa.testcases.HomePageTest" name="HomePageTitleTest" time="0.019"/>
  <system-out/>
  <testcase classname="com.crm.qa.testcases.HomePageTest" name="verifyContactsLinkTest" time="2.127"/>
  <system-out/>
  <testcase classname="com.crm.qa.testcases.HomePageTest" name="verifyUserNameTest">
    <skipped/>
  </testcase> <!-- verifyUserNameTest -->
  <system-out/>
</testsuite> <!-- com.crm.qa.testcases.HomePageTest -->
